<?xml version="1.0" encoding="UTF-8"?>
<!-- Generated by org.testng.reporters.JUnitReportReporter -->
<testsuite hostname="BRD-485S063-L" failures="0" tests="1" name="testselenium.SeleniumTest.StandaloneTest" time="6.790" errors="0" timestamp="2024-04-14T10:28:02 IST" skipped="0">
  <testcase classname="testselenium.SeleniumTest.StandaloneTest" name="submitOrder" time="6.790"/>
</testsuite> <!-- testselenium.SeleniumTest.StandaloneTest -->
