<?xml version="1.0" encoding="UTF-8"?>
<!-- Generated by org.testng.reporters.JUnitReportReporter -->
<testsuite hostname="BRD-485S063-L" failures="0" tests="2" name="testselenium.SeleniumTest.SubmitOrderTest" time="11.797" errors="0" timestamp="2024-05-21T16:26:00 IST" skipped="0">
  <testcase classname="testselenium.SeleniumTest.SubmitOrderTest" name="submitOrder" time="8.245"/>
  <testcase classname="testselenium.SeleniumTest.SubmitOrderTest" name="orderHistoryTest" time="3.552"/>
</testsuite> <!-- testselenium.SeleniumTest.SubmitOrderTest -->
