<?xml version="1.0" encoding="UTF-8"?>
<!-- Generated by org.testng.reporters.JUnitReportReporter -->
<testsuite hostname="BRD-485S063-L" failures="0" tests="2" name="testselenium.SeleniumTest.ErrorValidationsTest" time="14.688" errors="0" timestamp="2024-05-30T15:01:23 IST" skipped="0">
  <testcase classname="testselenium.SeleniumTest.ErrorValidationsTest" name="ProductErrorValidation" time="4.063"/>
  <testcase classname="testselenium.SeleniumTest.ErrorValidationsTest" name="LoginErrorValidation" time="10.625"/>
</testsuite> <!-- testselenium.SeleniumTest.ErrorValidationsTest -->
