<?xml version="1.0" encoding="UTF-8"?>
<!-- Generated by org.testng.reporters.JUnitReportReporter -->
<testsuite hostname="BRD-485S063-L" failures="0" tests="2" name="testselenium.SeleniumTest.SubmitOrderTest" time="19.729" errors="0" timestamp="2024-05-30T15:01:23 IST" skipped="0">
  <testcase classname="testselenium.SeleniumTest.SubmitOrderTest" name="submitOrder" time="15.526"/>
  <testcase classname="testselenium.SeleniumTest.SubmitOrderTest" name="orderHistoryTest" time="4.203"/>
</testsuite> <!-- testselenium.SeleniumTest.SubmitOrderTest -->
